\BOOKMARK [0][-]{chapter.1}{\376\377\000C\000a\000l\000c\000u\000l\000u\000s\000\040\000a\000n\000d\000\040\000A\000n\000a\000l\000y\000s\000i\000s\000\040\000F\000o\000r\000\040\000M\000a\000c\000h\000i\000n\000e\000\040\000L\000e\000a\000r\000n\000i\000n\000g}{}% 1
\BOOKMARK [0][-]{chapter.2}{\376\377\000L\000e\000a\000s\000t\000\040\000S\000q\000u\000a\000r\000e\000s\000\040\000a\000n\000d\000\040\000L\000i\000n\000e\000a\000r\000\040\000R\000e\000g\000r\000e\000s\000s\000i\000o\000n}{}% 2
\BOOKMARK [1][-]{section.2.1}{\376\377\000L\000e\000a\000s\000t\000\040\000S\000q\000u\000a\000r\000e\000s\000:\000\040\000L\000i\000n\000e\000a\000r\000\040\000A\000l\000g\000e\000b\000r\000a\000\040\000P\000e\000r\000s\000p\000e\000c\000t\000i\000v\000e}{chapter.2}% 3
\BOOKMARK [2][-]{subsection.2.1.1}{\376\377\000S\000t\000a\000n\000d\000a\000r\000d\000\040\000L\000e\000a\000s\000t\000\040\000S\000q\000u\000a\000r\000e\000s\000:\000\040\000m\000>\000n}{section.2.1}% 4
\BOOKMARK [2][-]{subsection.2.1.2}{\376\377\000O\000t\000h\000e\000r\000\040\000c\000a\000s\000e\000:\000\040\000m\000<\000n}{section.2.1}% 5
\BOOKMARK [2][-]{subsection.2.1.3}{\376\377\000L\000e\000a\000s\000t\000\040\000S\000q\000u\000a\000r\000e\000s\000\040\000a\000n\000d\000\040\000t\000h\000e\000\040\000P\000s\000e\000u\000d\000o\000\040\000I\000n\000v\000e\000r\000s\000e}{section.2.1}% 6
\BOOKMARK [1][-]{section.2.2}{\376\377\000G\000a\000u\000s\000s\000-\000M\000a\000r\000k\000o\000v\000\040\000T\000h\000e\000o\000r\000e\000m\000:\000\040\000L\000e\000a\000s\000t\000\040\000S\000q\000u\000a\000r\000e\000s\000\040\000a\000n\000d\000\040\000M\000L\000E}{chapter.2}% 7
\BOOKMARK [1][-]{section.2.3}{\376\377\000R\000i\000d\000g\000e\000\040\000R\000e\000g\000r\000e\000s\000s\000i\000o\000n}{chapter.2}% 8
\BOOKMARK [1][-]{section.2.4}{\376\377\000L\000A\000S\000S\000O\000\040\000a\000n\000d\000\040\000E\000l\000a\000s\000t\000i\000c\000\040\000N\000e\000t\000s}{chapter.2}% 9
\BOOKMARK [1][-]{section.2.5}{\376\377\000B\000a\000y\000e\000s\000i\000a\000n\000\040\000L\000i\000n\000e\000a\000r\000\040\000R\000e\000g\000r\000e\000s\000s\000i\000o\000n}{chapter.2}% 10
\BOOKMARK [1][-]{section.2.6}{\376\377\000L\000A\000S\000S\000O}{chapter.2}% 11
\BOOKMARK [0][-]{chapter.3}{\376\377\000P\000C\000A}{}% 12
\BOOKMARK [1][-]{section.3.1}{\376\377\000I\000n\000t\000r\000o\000d\000u\000c\000t\000i\000o\000n}{chapter.3}% 13
\BOOKMARK [1][-]{section.3.2}{\376\377\000P\000C\000A\000:\000\040\000M\000a\000x\000i\000m\000u\000m\000\040\000V\000a\000r\000i\000a\000n\000c\000e\000\040\000P\000e\000r\000s\000p\000e\000c\000t\000i\000v\000e}{chapter.3}% 14
\BOOKMARK [2][-]{subsection.3.2.1}{\376\377\000D\000i\000g\000r\000e\000s\000s\000i\000o\000n\000:\000\040\000L\000a\000g\000r\000a\000n\000g\000e\000\040\000M\000u\000l\000t\000i\000p\000l\000i\000e\000r\000s}{section.3.2}% 15
\BOOKMARK [2][-]{subsection.3.2.2}{\376\377\000R\000e\000t\000u\000r\000n\000\040\000f\000r\000o\000m\000\040\000d\000i\000g\000r\000e\000s\000s\000i\000o\000n}{section.3.2}% 16
\BOOKMARK [1][-]{section.3.3}{\376\377\000P\000C\000A\000:\000\040\000M\000i\000n\000i\000m\000u\000m\000\040\000R\000e\000c\000o\000n\000s\000t\000r\000u\000c\000t\000i\000o\000n\000\040\000L\000o\000s\000s\000\040\000P\000e\000r\000s\000p\000e\000c\000t\000i\000v\000e}{chapter.3}% 17
\BOOKMARK [1][-]{section.3.4}{\376\377\000I\000n\000t\000e\000r\000p\000r\000e\000t\000i\000n\000g\000\040\000P\000C\000A}{chapter.3}% 18
\BOOKMARK [1][-]{section.3.5}{\376\377\000E\000x\000a\000m\000p\000l\000e\000s}{chapter.3}% 19
\BOOKMARK [1][-]{section.3.6}{\376\377\000U\000n\000i\000f\000y\000i\000n\000g\000\040\000m\000a\000x\000\040\000v\000a\000r\000i\000a\000n\000c\000e\000\040\000a\000n\000d\000\040\000m\000i\000n\000\040\000r\000e\000c\000o\000n\000s\000t\000r\000u\000c\000t\000i\000o\000n\000\040\000l\000o\000s\000s\000\040\000p\000e\000r\000s\000p\000e\000c\000t\000i\000v\000e\000s}{chapter.3}% 20
\BOOKMARK [1][-]{section.3.7}{\376\377\000P\000C\000A\000\040\000a\000n\000d\000\040\000t\000h\000e\000\040\000S\000i\000n\000g\000u\000l\000a\000r\000\040\000V\000a\000l\000u\000e\000\040\000D\000e\000c\000o\000m\000p\000o\000s\000i\000t\000i\000o\000n}{chapter.3}% 21
\BOOKMARK [1][-]{section.3.8}{\376\377\000K\000e\000r\000n\000e\000l\000\040\000P\000C\000A}{chapter.3}% 22
\BOOKMARK [0][-]{chapter.4}{\376\377\000O\000t\000h\000e\000r\000\040\000f\000u\000n\000\040\000t\000o\000p\000i\000c\000s\000/\000o\000n\000e\000\040\000o\000f\000f\000\040\000t\000o\000p\000i\000c\000s}{}% 23
\BOOKMARK [0][-]{chapter.5}{\376\377\000O\000t\000h\000e\000r\000\040\000n\000o\000t\000e\000s\000/\000D\000a\000i\000l\000y\000\040\000n\000o\000t\000e\000s}{}% 24
\BOOKMARK [1][-]{section.5.1}{\376\377\000G\000a\000u\000s\000s\000i\000a\000n\000\040\000D\000i\000s\000t\000r\000i\000b\000u\000t\000i\000o\000n\000:\000\040\000N\000o\000r\000m\000a\000l\000i\000z\000i\000n\000g\000\040\000C\000o\000n\000s\000t\000a\000n\000t\000\040\0005\000/\0002\0004\000/\0002\0004}{chapter.5}% 25
\BOOKMARK [1][-]{section.5.2}{\376\377\000P\000o\000l\000a\000r\000\040\000C\000h\000a\000n\000g\000e\000\040\000o\000f\000\040\000C\000o\000o\000r\000d\000i\000n\000a\000t\000e\000s}{chapter.5}% 26
\BOOKMARK [1][-]{section.5.3}{\376\377\000C\000h\000a\000n\000g\000e\000\040\000o\000f\000\040\000V\000a\000r\000i\000a\000b\000l\000e\000s}{chapter.5}% 27
\BOOKMARK [1][-]{section.5.4}{\376\377\000H\000i\000g\000h\000\040\000d\000i\000m\000e\000n\000s\000i\000o\000n\000a\000l\000\040\000s\000p\000a\000c\000e\000s}{chapter.5}% 28
\BOOKMARK [2][-]{subsection.5.4.1}{\376\377\000V\000o\000l\000u\000m\000e\000\040\000o\000f\000\040\000d\000-\000b\000a\000l\000l}{section.5.4}% 29
\BOOKMARK [2][-]{subsection.5.4.2}{\376\377\000B\000a\000l\000l\000s\000\040\000a\000n\000d\000\040\000C\000u\000b\000e\000s}{section.5.4}% 30
\BOOKMARK [2][-]{subsection.5.4.3}{\376\377\000M\000o\000s\000t\000\040\000o\000f\000\040\000t\000h\000e\000\040\000m\000a\000s\000s\000\040\000i\000s\000\040\000n\000e\000a\000r\000\040\000t\000h\000e\000\040\000e\000q\000u\000a\000t\000o\000r}{section.5.4}% 31
\BOOKMARK [2][-]{subsection.5.4.4}{\376\377\000M\000o\000s\000t\000\040\000o\000f\000\040\000t\000h\000e\000\040\000v\000o\000l\000u\000m\000e\000\040\000i\000s\000\040\000n\000e\000a\000r\000\040\000t\000h\000e\000\040\000s\000u\000r\000f\000a\000c\000e}{section.5.4}% 32
\BOOKMARK [2][-]{subsection.5.4.5}{\376\377\000H\000i\000g\000h\000\040\000d\000i\000m\000e\000n\000s\000i\000o\000n\000a\000l\000\040\000c\000u\000b\000e\000s}{section.5.4}% 33
\BOOKMARK [2][-]{subsection.5.4.6}{\376\377\000D\000i\000s\000t\000a\000n\000c\000e\000s\000\040\000b\000e\000t\000w\000e\000e\000n\000\040\000r\000a\000n\000d\000o\000m\000l\000y\000\040\000s\000a\000m\000p\000l\000e\000d\000\040\000p\000o\000i\000n\000t\000s}{section.5.4}% 34
\BOOKMARK [2][-]{subsection.5.4.7}{\376\377\000D\000i\000g\000r\000e\000s\000s\000i\000o\000n\000:\000\040\000L\000p\000\040\000b\000a\000l\000l\000s}{section.5.4}% 35
\BOOKMARK [2][-]{subsection.5.4.8}{\376\377\000D\000i\000s\000c\000u\000s\000s\000i\000o\000n}{section.5.4}% 36
\BOOKMARK [1][-]{section.5.5}{\376\377\000H\000i\000g\000h\000\040\000D\000i\000m\000e\000n\000s\000i\000o\000n\000a\000l\000\040\000G\000a\000u\000s\000s\000i\000a\000n\000\040}{chapter.5}% 37
\BOOKMARK [2][-]{subsection.5.5.1}{\376\377\000R\000a\000d\000i\000a\000l\000\040\000d\000e\000n\000s\000i\000t\000y\000\040\000o\000f\000\040\000G\000a\000u\000s\000s\000i\000a\000n}{section.5.5}% 38
